<?xml version="1.0" encoding="UTF-8"?>
<!-- Generated by org.testng.reporters.JUnitReportReporter -->
<testsuite skipped="0" hostname="LAPTOP-FTFH3V8C" name="eCommerceLive.BookOrderTest" tests="1" failures="0" timestamp="2021-03-14T22:37:59 IST" time="27.310" errors="0">
  <testcase name="verifyUserId" time="27.310" classname="eCommerceLive.BookOrderTest"/>
</testsuite> <!-- eCommerceLive.BookOrderTest -->
